<?xml version="1.0" encoding="UTF-8"?>
<robot generator="Robot 5.0 (Python 3.10.2 on win32)" generated="20220531 12:18:47.811" rpa="false" schemaversion="3">
<suite id="s1" name="DemoMPL" source="C:\Python\Test_Project\TestSuite\API_Testing\DemoMPL.robot">
<test id="s1-t1" name="Create_new_developer" line="103">
<kw name="Set Selenium Speed" library="SeleniumLibrary" type="SETUP">
<arg>0.5</arg>
<doc>Sets the delay that is waited after each Selenium command.</doc>
<status status="PASS" starttime="20220531 12:18:48.125" endtime="20220531 12:18:48.126"/>
</kw>
<kw name="Login_admin" library="MPL_demo">
<kw name="Open Browser" library="SeleniumLibrary">
<arg>${admin_url}</arg>
<arg>Chrome</arg>
<doc>Opens a new browser instance to the optional ``url``.</doc>
<msg timestamp="20220531 12:18:48.128" level="INFO">Opening browser 'Chrome' to base url 'https://mpl-dashboard.tpptechnology.com/AdminLogin'.</msg>
<status status="PASS" starttime="20220531 12:18:48.127" endtime="20220531 12:18:52.708"/>
</kw>
<kw name="Maximize Browser Window" library="SeleniumLibrary">
<doc>Maximizes current browser window.</doc>
<status status="PASS" starttime="20220531 12:18:52.710" endtime="20220531 12:18:53.506"/>
</kw>
<kw name="Set Selenium Speed" library="SeleniumLibrary">
<arg>0.5</arg>
<doc>Sets the delay that is waited after each Selenium command.</doc>
<status status="PASS" starttime="20220531 12:18:53.506" endtime="20220531 12:18:53.506"/>
</kw>
<kw name="Input Text" library="SeleniumLibrary">
<arg>${admin_login_email}</arg>
<arg>${admin_email}</arg>
<doc>Types the given ``text`` into the text field identified by ``locator``.</doc>
<msg timestamp="20220531 12:18:53.507" level="INFO">Typing text 'tao.dang@tpptechnology.com' into text field '//*[@id="__layout"]/div/div[2]/form/div[2]/div[1]/input'.</msg>
<status status="PASS" starttime="20220531 12:18:53.507" endtime="20220531 12:18:55.507"/>
</kw>
<kw name="Input Text" library="SeleniumLibrary">
<arg>${admin_login_password}</arg>
<arg>${password}</arg>
<doc>Types the given ``text`` into the text field identified by ``locator``.</doc>
<msg timestamp="20220531 12:18:55.509" level="INFO">Typing text 'tppPassword2021' into text field '//*[@id="__layout"]/div/div[2]/form/div[2]/div[2]/input'.</msg>
<status status="PASS" starttime="20220531 12:18:55.508" endtime="20220531 12:18:57.193"/>
</kw>
<kw name="Click Button" library="SeleniumLibrary">
<arg>${admin_login_button}</arg>
<doc>Clicks the button identified by ``locator``.</doc>
<msg timestamp="20220531 12:18:57.193" level="INFO">Clicking button '//*[@id="__layout"]/div/div[2]/form/div[4]/a/button'.</msg>
<status status="PASS" starttime="20220531 12:18:57.193" endtime="20220531 12:18:59.837"/>
</kw>
<kw name="Wait Until Page Contains Element" library="SeleniumLibrary">
<arg>${orders_pane}</arg>
<doc>Waits until the element ``locator`` appears on the current page.</doc>
<status status="PASS" starttime="20220531 12:18:59.837" endtime="20220531 12:19:02.570"/>
</kw>
<status status="PASS" starttime="20220531 12:18:48.126" endtime="20220531 12:19:02.571"/>
</kw>
<kw name="Click Element" library="SeleniumLibrary">
<arg>${users_pane}</arg>
<doc>Click the element identified by ``locator``.</doc>
<msg timestamp="20220531 12:19:02.576" level="INFO">Clicking element '//*[@id="__layout"]/div/div/div/div[1]/div/ul/li[5]/div[1]/p'.</msg>
<status status="PASS" starttime="20220531 12:19:02.574" endtime="20220531 12:19:03.968"/>
</kw>
<kw name="Click Element" library="SeleniumLibrary">
<arg>${developers_tab}</arg>
<doc>Click the element identified by ``locator``.</doc>
<msg timestamp="20220531 12:19:03.969" level="INFO">Clicking element '//span[contains(text(),'Developers')]'.</msg>
<status status="PASS" starttime="20220531 12:19:03.968" endtime="20220531 12:19:05.060"/>
</kw>
<kw name="Input Text" library="SeleniumLibrary">
<arg>${developers_filter}</arg>
<arg>${developer_email_input}</arg>
<doc>Types the given ``text`` into the text field identified by ``locator``.</doc>
<msg timestamp="20220531 12:19:05.063" level="INFO">Typing text 'testone_4@example.com' into text field '//*[@class="table VueTables VueTables--client"]//input'.</msg>
<status status="PASS" starttime="20220531 12:19:05.061" endtime="20220531 12:19:06.757"/>
</kw>
<kw name="Sleep" library="BuiltIn">
<arg>3</arg>
<doc>Pauses the test executed for the given time.</doc>
<msg timestamp="20220531 12:19:09.772" level="INFO">Slept 3 seconds</msg>
<status status="PASS" starttime="20220531 12:19:06.757" endtime="20220531 12:19:09.772"/>
</kw>
<kw name="Set Variable" library="BuiltIn">
<var>${string_condition}</var>
<arg>${developer_no_match_records}</arg>
<doc>Returns the given values which can then be assigned to a variables.</doc>
<msg timestamp="20220531 12:19:09.773" level="INFO">${string_condition} = //td[contains(text(),'No matching records')]</msg>
<status status="PASS" starttime="20220531 12:19:09.773" endtime="20220531 12:19:09.773"/>
</kw>
<kw name="Run Keyword If" library="BuiltIn">
<arg>${string_condition}</arg>
<arg>==</arg>
<arg>//td[contains(text(),'No matching records')]</arg>
<arg>Log To Console</arg>
<arg>ABCDEF</arg>
<doc>Runs the given keyword with the given arguments, if ``condition`` is true.</doc>
<msg timestamp="20220531 12:19:09.774" level="FAIL">Evaluating expression '//td[contains(text(),'No matching records')]' failed: SyntaxError: invalid syntax (&lt;string&gt;, line 1)</msg>
<status status="FAIL" starttime="20220531 12:19:09.774" endtime="20220531 12:19:09.776"/>
</kw>
<kw name="Log To Console" library="BuiltIn">
<arg>FAILs</arg>
<doc>Logs the given message to the console.</doc>
<status status="NOT RUN" starttime="20220531 12:19:09.777" endtime="20220531 12:19:09.777"/>
</kw>
<kw name="Close Browser" library="SeleniumLibrary">
<doc>Closes the current browser.</doc>
<status status="NOT RUN" starttime="20220531 12:19:09.777" endtime="20220531 12:19:09.777"/>
</kw>
<kw name="Close All Browsers" library="SeleniumLibrary" type="TEARDOWN">
<doc>Closes all open browsers and resets the browser cache.</doc>
<status status="PASS" starttime="20220531 12:19:09.778" endtime="20220531 12:19:12.478"/>
</kw>
<status status="FAIL" starttime="20220531 12:18:48.124" endtime="20220531 12:19:12.480">Evaluating expression '//td[contains(text(),'No matching records')]' failed: SyntaxError: invalid syntax (&lt;string&gt;, line 1)</status>
</test>
<status status="FAIL" starttime="20220531 12:18:47.815" endtime="20220531 12:19:12.485"/>
</suite>
<statistics>
<total>
<stat pass="0" fail="1" skip="0">All Tests</stat>
</total>
<tag>
</tag>
<suite>
<stat pass="0" fail="1" skip="0" id="s1" name="DemoMPL">DemoMPL</stat>
</suite>
</statistics>
<errors>
</errors>
</robot>
