<?xml version="1.0" encoding="UTF-8"?>
<robot generator="Robot 5.0 (Python 3.10.2 on win32)" generated="20220623 14:04:00.567" rpa="false" schemaversion="3">
<suite id="s1" name="Arguments Test" source="C:\Python\robotframework_tpp\TestSuite\Manual_Testing\Arguments_Test.robot">
<kw name="Set Selenium Speed" library="SeleniumLibrary" type="SETUP">
<arg>0.5</arg>
<doc>Sets the delay that is waited after each Selenium command.</doc>
<status status="PASS" starttime="20220623 14:04:01.057" endtime="20220623 14:04:01.058"/>
</kw>
<test id="s1-t1" name="TC01_login_with_admin" line="13">
<kw name="login_admin" library="KW_login">
<arg>tao.dang@tpptechnology.com</arg>
<arg>tppPassword2021</arg>
<kw name="Open Browser" library="SeleniumLibrary">
<arg>${url}</arg>
<arg>${ENV_web}</arg>
<doc>Opens a new browser instance to the optional ``url``.</doc>
<msg timestamp="20220623 14:04:01.062" level="INFO">Opening browser 'Chrome' to base url 'https://mpl-dashboard.tpptechnology.com/adminlogin'.</msg>
<status status="PASS" starttime="20220623 14:04:01.061" endtime="20220623 14:04:07.497"/>
</kw>
<kw name="Maximize Browser Window" library="SeleniumLibrary">
<doc>Maximizes current browser window.</doc>
<status status="PASS" starttime="20220623 14:04:07.497" endtime="20220623 14:04:08.161"/>
</kw>
<kw name="Input Text" library="SeleniumLibrary">
<arg>${email_field}</arg>
<arg>${email_value}</arg>
<doc>Types the given ``text`` into the text field identified by ``locator``.</doc>
<msg timestamp="20220623 14:04:08.163" level="INFO">Typing text 'tao.dang@tpptechnology.com' into text field '//*[@id="__layout"]/div/div[2]/form/div[2]/div[1]/input'.</msg>
<status status="PASS" starttime="20220623 14:04:08.161" endtime="20220623 14:04:09.923"/>
</kw>
<kw name="Input Password" library="SeleniumLibrary">
<arg>${password_field}</arg>
<arg>${password_value}</arg>
<doc>Types the given password into the text field identified by ``locator``.</doc>
<msg timestamp="20220623 14:04:09.924" level="INFO">Typing password into text field '//*[@id="__layout"]/div/div[2]/form/div[2]/div[2]/input'.</msg>
<msg timestamp="20220623 14:04:11.001" level="INFO">Temporally setting log level to: NONE</msg>
<msg timestamp="20220623 14:04:11.600" level="INFO">Log level changed from NONE to INFO.</msg>
<status status="PASS" starttime="20220623 14:04:09.923" endtime="20220623 14:04:11.600"/>
</kw>
<kw name="Click Element" library="SeleniumLibrary">
<arg>${login_button}</arg>
<doc>Click the element identified by ``locator``.</doc>
<msg timestamp="20220623 14:04:11.602" level="INFO">Clicking element '//*[@id="__layout"]/div/div[2]/form/div[4]/a/button'.</msg>
<status status="PASS" starttime="20220623 14:04:11.601" endtime="20220623 14:04:12.702"/>
</kw>
<kw name="Sleep" library="BuiltIn">
<arg>5</arg>
<doc>Pauses the test executed for the given time.</doc>
<msg timestamp="20220623 14:04:17.708" level="INFO">Slept 5 seconds</msg>
<status status="PASS" starttime="20220623 14:04:12.702" endtime="20220623 14:04:17.708"/>
</kw>
<status status="PASS" starttime="20220623 14:04:01.060" endtime="20220623 14:04:17.708"/>
</kw>
<kw name="Close Browser" library="SeleniumLibrary" type="TEARDOWN">
<doc>Closes the current browser.</doc>
<status status="PASS" starttime="20220623 14:04:17.710" endtime="20220623 14:04:20.239"/>
</kw>
<status status="PASS" starttime="20220623 14:04:01.058" endtime="20220623 14:04:20.240"/>
</test>
<status status="PASS" starttime="20220623 14:04:00.570" endtime="20220623 14:04:20.242"/>
</suite>
<statistics>
<total>
<stat pass="1" fail="0" skip="0">All Tests</stat>
</total>
<tag>
</tag>
<suite>
<stat pass="1" fail="0" skip="0" id="s1" name="Arguments Test">Arguments Test</stat>
</suite>
</statistics>
<errors>
</errors>
</robot>
