<?xml version="1.0" encoding="UTF-8"?>
<robot generator="Robot 5.0 (Python 3.10.2 on win32)" generated="20220614 11:37:57.267" rpa="false" schemaversion="3">
<suite id="s1" name="Email" source="C:\Python\Test_Project\TestSuite\Email\Email.robot">
<test id="s1-t1" name="TC_10-Download_Attachment_File" line="115">
<kw name="Authorize" library="RPA.Email.ImapSmtp">
<arg>account=testertpp0@gmail.com</arg>
<arg>password=wsmypkfsmeiiqgnh</arg>
<doc>Authorize user to SMTP and IMAP servers.</doc>
<msg timestamp="20220614 11:37:58.035" level="INFO">Protecting keyword: RPA.Email.ImapSmtp.Authorize</msg>
<msg timestamp="20220614 11:38:01.816" level="INFO">Log level changed from NONE to INFO.</msg>
<status status="PASS" starttime="20220614 11:37:58.034" endtime="20220614 11:38:01.816"/>
</kw>
<kw name="Save Attachments" library="RPA.Email.ImapSmtp">
<var>${attachments}</var>
<arg>SUBJECT "attachment email test"</arg>
<arg>target_folder=./Attachment_FR</arg>
<arg>overwrite=True</arg>
<doc>Save mail attachments of emails matching criterion into local folder.</doc>
<msg timestamp="20220614 11:38:02.168" level="INFO">IMAP search: 'SUBJECT "attachment email test"'</msg>
<msg timestamp="20220614 11:38:21.638" level="INFO">Attachment filepath: 'Attachment_FR\BẢNG-GIÁ-QUÀ-TẾT-MEE-07.01.2022.pdf'</msg>
<msg timestamp="20220614 11:38:21.677" level="INFO">Saving attachment: BẢNG-GIÁ-QUÀ-TẾT-MEE-07.01.2022.pdf</msg>
<msg timestamp="20220614 11:38:21.680" level="INFO">${attachments} = ['Attachment_FR\\BẢNG-GIÁ-QUÀ-TẾT-MEE-07.01.2022.pdf']</msg>
<status status="PASS" starttime="20220614 11:38:01.817" endtime="20220614 11:38:21.680"/>
</kw>
<kw name="Convert Pdf To Txt" library="Pdf2TextLibrary">
<var>${detail_1}</var>
<arg>./Attachment_FR/BẢNG-GIÁ-QUÀ-TẾT-MEE-07.01.2022.pdf</arg>
<msg timestamp="20220614 11:38:21.697" level="INFO">xref found: pos=b'2934368'</msg>
<msg timestamp="20220614 11:38:21.697" level="INFO">read_xref_from: start=2934368, token=/b'xref'</msg>
<msg timestamp="20220614 11:38:21.699" level="INFO">xref objects: {1: (None, 2934106, 0), 2: (None, 2933943, 0), 3: (None, 343421, 0), 4: (None, 9, 0), 5: (None, 35, 0), 6: (None, 2930878, 0), 7: (None, 2930915, 0), 8: (None, 58, 0), 9: (None, 2929755, 0), 10: (None, 2928005, 0), 11: (None, 99666, 0), 12: (None, 100138, 0), 13: (None, 100165, 0), 14: (None, 2933885, 0), 15: (None, 2933923, 0), 16: (None, 100189, 0), 17: (None, 2932713, 0), 18: (None, 2930934, 0), 19: (None, 209022, 0), 20: (None, 209500, 0), 21: (None, 239133, 0), 22: (None, 267785, 0), 23: (None, 298368, 0), 24: (None, 324431, 0), 25: (None, 340275, 0), 26: (None, 343275, 0), 27: (None, 506916, 0), 28: (None, 343584, 0), 29: (None, 351544, 0), 30: (None, 407194, 0), 31: (None, 464006, 0), 32: (None, 465359, 0), 33: (None, 504501, 0), 34: (None, 506770, 0), 35: (None, 770794, 0), 36: (None, 507080, 0), 37: (None, 550954, 0), 38: (None, 600824, 0), 39: (None, 705208, 0), 40: (None, 706184, 0), 41: (None, 755014, 0), 42: (None, 767094, 0), 43: (None, 768415, 0), 44: (None, 770618, 0), 45: (None, 999101, 0), 46: (None, 770958, 0), 47: (None, 825775, 0), 48: (None, 891298, 0), 49: (None, 935069, 0), 50: (None, 996697, 0), 51: (None, 998970, 0), 52: (None, 1173818, 0), 53: (None, 999265, 0), 54: (None, 1022516, 0), 55: (None, 1050427, 0), 56: (None, 1110488, 0), 57: (None, 1111421, 0), 58: (None, 1112354, 0), 59: (None, 1115604, 0), 60: (None, 1116613, 0), 61: (None, 1144985, 0), 62: (None, 1170871, 0), 63: (None, 1173612, 0), 64: (None, 1388324, 0), 65: (None, 1173982, 0), 66: (None, 1238029, 0), 67: (None, 1286066, 0), 68: (None, 1343167, 0), 69: (None, 1385630, 0), 70: (None, 1388193, 0), 71: (None, 1556954, 0), 72: (None, 1388488, 0), 73: (None, 1432690, 0), 74: (None, 1496773, 0), 75: (None, 1503118, 0), 76: (None, 1553969, 0), 77: (None, 1556823, 0), 78: (None, 1744863, 0), 79: (None, 1557118, 0), 80: (None, 1558135, 0), 81: (None, 1592723, 0), 82: (None, 1637365, 0), 83: (None, 1686317, 0), 84: (None, 1735271, 0), 85: (None, 1741870, 0), 86: (None, 1744702, 0), 87: (None, 1966811, 0), 88: (None, 1745027, 0), 89: (None, 1786133, 0), 90: (None, 1845795, 0), 91: (None, 1901058, 0), 92: (None, 1963747, 0), 93: (None, 1966680, 0), 94: (None, 2107629, 0), 95: (None, 1966975, 0), 96: (None, 2023244, 0), 97: (None, 2067583, 0), 98: (None, 2100960, 0), 99: (None, 2104865, 0), 100: (None, 2107497, 0), 101: (None, 2197521, 0), 102: (None, 2107794, 0), 103: (None, 2129684, 0), 104: (None, 2153753, 0), 105: (None, 2179301, 0), 106: (None, 2194873, 0), 107: (None, 2197385, 0), 108: (None, 2339696, 0), 109: (None, 2197688, 0), 110: (None, 2269838, 0), 111: (None, 2283611, 0), 112: (None, 2310130, 0), 113: (None, 2337003, 0), 114: (None, 2339560, 0), 115: (None, 2638691, 0), 116: (None, 2339863, 0), 117: (None, 2413726, 0), 118: (None, 2499484, 0), 119: (None, 2595283, 0), 120: (None, 2635966, 0), 121: (None, 2638555, 0), 122: (None, 2904024, 0), 123: (None, 2638858, 0), 124: (None, 2697441, 0), 125: (None, 2786436, 0), 126: (None, 2875421, 0), 127: (None, 2901481, 0), 128: (None, 2903888, 0), 129: (None, 2927838, 0), 130: (None, 2904191, 0), 131: (None, 2926983, 0), 132: (None, 2927761, 0), 133: (None, 2934155, 0)}</msg>
<msg timestamp="20220614 11:38:21.700" level="INFO">trailer: {'Info': &lt;PDFObjRef:133&gt;, 'Root': &lt;PDFObjRef:1&gt;, 'Size': 134}</msg>
<msg timestamp="20220614 11:38:21.830" level="INFO">trailer: {'Info': &lt;PDFObjRef:133&gt;, 'Root': &lt;PDFObjRef:1&gt;, 'Size': 134}</msg>
<msg timestamp="20220614 11:38:21.830" level="INFO">Pages: Kids=[&lt;PDFObjRef:3&gt;, &lt;PDFObjRef:27&gt;, &lt;PDFObjRef:35&gt;, &lt;PDFObjRef:45&gt;, &lt;PDFObjRef:52&gt;, &lt;PDFObjRef:64&gt;, &lt;PDFObjRef:71&gt;, &lt;PDFObjRef:78&gt;, &lt;PDFObjRef:87&gt;, &lt;PDFObjRef:94&gt;, &lt;PDFObjRef:101&gt;, &lt;PDFObjRef:108&gt;, &lt;PDFObjRef:115&gt;, &lt;PDFObjRef:122&gt;, &lt;PDFObjRef:129&gt;]</msg>
<msg timestamp="20220614 11:38:21.831" level="INFO">Page: {'Contents': [&lt;PDFObjRef:25&gt;], 'CropBox': [0.0, 0.0, 612.0, 792.0], 'MediaBox': [0.0, 0.0, 612.0, 792.0], 'Parent': &lt;PDFObjRef:2&gt;, 'Resources': &lt;PDFObjRef:26&gt;, 'Rotate': 0, 'Type': /'Page'}</msg>
<msg timestamp="20220614 11:38:21.832" level="INFO">Processing page: &lt;PDFPage: Resources={'Font': {'F1': &lt;PDFObjRef:11&gt;, 'F2': &lt;PDFObjRef:19&gt;}, 'XObject': {'Image1': &lt;PDFObjRef:20&gt;, 'Image2': &lt;PDFObjRef:21&gt;, 'Image3': &lt;PDFObjRef:22&gt;, 'Image4': &lt;PDFObjRef:23&gt;, 'Image5': &lt;PDFObjRef:24&gt;}}, MediaBox=[0.0, 0.0, 612.0, 792.0]&gt;</msg>
<msg timestamp="20220614 11:38:21.832" level="INFO">render_contents: resources={'Font': {'F1': &lt;PDFObjRef:11&gt;, 'F2': &lt;PDFObjRef:19&gt;}, 'XObject': {'Image1': &lt;PDFObjRef:20&gt;, 'Image2': &lt;PDFObjRef:21&gt;, 'Image3': &lt;PDFObjRef:22&gt;, 'Image4': &lt;PDFObjRef:23&gt;, 'Image5': &lt;PDFObjRef:24&gt;}}, streams=[&lt;PDFObjRef:25&gt;], ctm=(1, 0, 0, 1, -0.0, -0.0)</msg>
<msg timestamp="20220614 11:38:21.833" level="INFO">get_font: create: objid=11, spec={'BaseFont': /'CIDFont+F1', 'DescendantFonts': [{'BaseFont': /'CIDFont+F1', 'CIDSystemInfo': {'Ordering': &lt;PDFObjRef:4&gt;, 'Registry': &lt;PDFObjRef:5&gt;, 'Supplement': 0}, 'CIDToGIDMap': /'Identity', 'FontDescriptor': {'Ascent': 891, 'CapHeight': 662, 'Descent': -216, 'Flags': 6, 'FontBBox': &lt;PDFObjRef:6&gt;, 'FontFile2': &lt;PDFObjRef:8&gt;, 'FontName': /'CIDFont+F1', 'ItalicAngle': 0, 'StemV': &lt;PDFObjRef:7&gt;, 'Type': /'FontDescriptor'}, 'Subtype': /'CIDFontType2', 'Type': /'Font', 'W': &lt;PDFObjRef:9&gt;}], 'Encoding': /'Identity-H', 'Subtype': /'Type0', 'ToUnicode': &lt;PDFObjRef:10&gt;, 'Type': /'Font'}</msg>
<msg timestamp="20220614 11:38:21.833" level="INFO">get_font: create: objid=None, spec={'BaseFont': /'CIDFont+F1', 'CIDSystemInfo': {'Ordering': &lt;PDFObjRef:4&gt;, 'Registry': &lt;PDFObjRef:5&gt;, 'Supplement': 0}, 'CIDToGIDMap': /'Identity', 'FontDescriptor': {'Ascent': 891, 'CapHeight': 662, 'Descent': -216, 'Flags': 6, 'FontBBox': &lt;PDFObjRef:6&gt;, 'FontFile2': &lt;PDFObjRef:8&gt;, 'FontName': /'CIDFont+F1', 'ItalicAngle': 0, 'StemV': &lt;PDFObjRef:7&gt;, 'Type': /'FontDescriptor'}, 'Subtype': /'CIDFontType2', 'Type': /'Font', 'W': &lt;PDFObjRef:9&gt;, 'Encoding': /'Identity-H', 'ToUnicode': &lt;PDFStream(10): raw=1698, {'Length': 1697}&gt;}</msg>
<msg timestamp="20220614 11:38:21.845" level="INFO">get_font: create: objid=19, spec={'BaseFont': /'CIDFont+F2', 'DescendantFonts': [{'BaseFont': /'CIDFont+F2', 'CIDSystemInfo': {'Ordering': &lt;PDFObjRef:12&gt;, 'Registry': &lt;PDFObjRef:13&gt;, 'Supplement': 0}, 'CIDToGIDMap': /'Identity', 'FontDescriptor': {'Ascent': 891, 'CapHeight': 662, 'Descent': -216, 'Flags': 6, 'FontBBox': &lt;PDFObjRef:14&gt;, 'FontFile2': &lt;PDFObjRef:16&gt;, 'FontName': /'CIDFont+F2', 'ItalicAngle': 0, 'StemV': &lt;PDFObjRef:15&gt;, 'Type': /'FontDescriptor'}, 'Subtype': /'CIDFontType2', 'Type': /'Font', 'W': &lt;PDFObjRef:17&gt;}], 'Encoding': /'Identity-H', 'Subtype': /'Type0', 'ToUnicode': &lt;PDFObjRef:18&gt;, 'Type': /'Font'}</msg>
<msg timestamp="20220614 11:38:21.846" level="INFO">get_font: create: objid=None, spec={'BaseFont': /'CIDFont+F2', 'CIDSystemInfo': {'Ordering': &lt;PDFObjRef:12&gt;, 'Registry': &lt;PDFObjRef:13&gt;, 'Supplement': 0}, 'CIDToGIDMap': /'Identity', 'FontDescriptor': {'Ascent': 891, 'CapHeight': 662, 'Descent': -216, 'Flags': 6, 'FontBBox': &lt;PDFObjRef:14&gt;, 'FontFile2': &lt;PDFObjRef:16&gt;, 'FontName': /'CIDFont+F2', 'ItalicAngle': 0, 'StemV': &lt;PDFObjRef:15&gt;, 'Type': /'FontDescriptor'}, 'Subtype': /'CIDFontType2', 'Type': /'Font', 'W': &lt;PDFObjRef:17&gt;, 'Encoding': /'Identity-H', 'ToUnicode': &lt;PDFStream(18): raw=1727, {'Length': 1726}&gt;}</msg>
<msg timestamp="20220614 11:38:21.903" level="INFO">Processing xobj: &lt;PDFStream(20): raw=29464, {'BitsPerComponent': 8, 'ColorSpace': /'DeviceRGB', 'Filter': /'DCTDecode', 'Height': 453, 'Length': 29463, 'Subtype': /'Image', 'Type': /'XObject', 'Width': 455}&gt;</msg>
<msg timestamp="20220614 11:38:21.904" level="INFO">Processing xobj: &lt;PDFStream(21): raw=28483, {'BitsPerComponent': 8, 'ColorSpace': /'DeviceRGB', 'Filter': /'DCTDecode', 'Height': 444, 'Length': 28482, 'Subtype': /'Image', 'Type': /'XObject', 'Width': 444}&gt;</msg>
<msg timestamp="20220614 11:38:21.906" level="INFO">Processing xobj: &lt;PDFStream(22): raw=30414, {'BitsPerComponent': 8, 'ColorSpace': /'DeviceRGB', 'Filter': /'DCTDecode', 'Height': 449, 'Length': 30413, 'Subtype': /'Image', 'Type': /'XObject', 'Width': 450}&gt;</msg>
<msg timestamp="20220614 11:38:21.907" level="INFO">Processing xobj: &lt;PDFStream(23): raw=25894, {'BitsPerComponent': 8, 'ColorSpace': /'DeviceRGB', 'Filter': /'DCTDecode', 'Height': 367, 'Length': 25893, 'Subtype': /'Image', 'Type': /'XObject', 'Width': 483}&gt;</msg>
<msg timestamp="20220614 11:38:21.908" level="INFO">Processing xobj: &lt;PDFStream(24): raw=15675, {'BitsPerComponent': 8, 'ColorSpace': /'DeviceRGB', 'Filter': /'DCTDecode', 'Height': 500, 'Length': 15674, 'Subtype': /'Image', 'Type': /'XObject', 'Width': 500}&gt;</msg>
<msg timestamp="20220614 11:38:21.928" level="INFO">Page: {'Contents': [&lt;PDFObjRef:33&gt;], 'CropBox': [0.0, 0.0, 612.0, 792.0], 'MediaBox': [0.0, 0.0, 612.0, 792.0], 'Parent': &lt;PDFObjRef:2&gt;, 'Resources': &lt;PDFObjRef:34&gt;, 'Rotate': 0, 'Type': /'Page'}</msg>
<msg timestamp="20220614 11:38:21.929" level="INFO">Processing page: &lt;PDFPage: Resources={'Font': {'F1': &lt;PDFObjRef:19&gt;, 'F2': &lt;PDFObjRef:11&gt;}, 'XObject': {'Image1': &lt;PDFObjRef:28&gt;, 'Image2': &lt;PDFObjRef:29&gt;, 'Image3': &lt;PDFObjRef:30&gt;, 'Image4': &lt;PDFObjRef:31&gt;, 'Image5': &lt;PDFObjRef:32&gt;}}, MediaBox=[0.0, 0.0, 612.0, 792.0]&gt;</msg>
<msg timestamp="20220614 11:38:21.929" level="INFO">render_contents: resources={'Font': {'F1': &lt;PDFObjRef:19&gt;, 'F2': &lt;PDFObjRef:11&gt;}, 'XObject': {'Image1': &lt;PDFObjRef:28&gt;, 'Image2': &lt;PDFObjRef:29&gt;, 'Image3': &lt;PDFObjRef:30&gt;, 'Image4': &lt;PDFObjRef:31&gt;, 'Image5': &lt;PDFObjRef:32&gt;}}, streams=[&lt;PDFObjRef:33&gt;], ctm=(1, 0, 0, 1, -0.0, -0.0)</msg>
<msg timestamp="20220614 11:38:21.959" level="INFO">Processing xobj: &lt;PDFStream(28): raw=7792, {'BitsPerComponent': 8, 'ColorSpace': /'DeviceRGB', 'Filter': /'DCTDecode', 'Height': 105, 'Length': 7791, 'Subtype': /'Image', 'Type': /'XObject', 'Width': 483}&gt;</msg>
<msg timestamp="20220614 11:38:21.962" level="INFO">Processing xobj: &lt;PDFStream(29): raw=55481, {'BitsPerComponent': 8, 'ColorSpace': /'DeviceRGB', 'Filter': /'DCTDecode', 'Height': 622, 'Length': 55480, 'Subtype': /'Image', 'Type': /'XObject', 'Width': 627}&gt;</msg>
<msg timestamp="20220614 11:38:21.964" level="INFO">Processing xobj: &lt;PDFStream(30): raw=56643, {'BitsPerComponent': 8, 'ColorSpace': /'DeviceRGB', 'Filter': /'DCTDecode', 'Height': 585, 'Length': 56642, 'Subtype': /'Image', 'Type': /'XObject', 'Width': 587}&gt;</msg>
<msg timestamp="20220614 11:38:21.965" level="INFO">Processing xobj: &lt;PDFStream(31): raw=1186, {'BitsPerComponent': 8, 'ColorSpace': /'DeviceRGB', 'Filter': /'DCTDecode', 'Height': 24, 'Length': 1185, 'Subtype': /'Image', 'Type': /'XObject', 'Width': 483}&gt;</msg>
<msg timestamp="20220614 11:38:21.966" level="INFO">Processing xobj: &lt;PDFStream(32): raw=38973, {'BitsPerComponent': 8, 'ColorSpace': /'DeviceRGB', 'Filter': /'DCTDecode', 'Height': 508, 'Length': 38972, 'Subtype': /'Image', 'Type': /'XObject', 'Width': 508}&gt;</msg>
<msg timestamp="20220614 11:38:21.980" level="INFO">Page: {'Contents': [&lt;PDFObjRef:43&gt;], 'CropBox': [0.0, 0.0, 612.0, 792.0], 'MediaBox': [0.0, 0.0, 612.0, 792.0], 'Parent': &lt;PDFObjRef:2&gt;, 'Resources': &lt;PDFObjRef:44&gt;, 'Rotate': 0, 'Type': /'Page'}</msg>
<msg timestamp="20220614 11:38:21.981" level="INFO">Processing page: &lt;PDFPage: Resources={'Font': {'F1': &lt;PDFObjRef:19&gt;, 'F2': &lt;PDFObjRef:11&gt;}, 'XObject': {'Image1': &lt;PDFObjRef:36&gt;, 'Image2': &lt;PDFObjRef:37&gt;, 'Image3': &lt;PDFObjRef:38&gt;, 'Image4': &lt;PDFObjRef:39&gt;, 'Image5': &lt;PDFObjRef:40&gt;, 'Image6': &lt;PDFObjRef:41&gt;, 'Image7': &lt;PDFObjRef:42&gt;}}, MediaBox=[0.0, 0.0, 612.0, 792.0]&gt;</msg>
<msg timestamp="20220614 11:38:21.981" level="INFO">render_contents: resources={'Font': {'F1': &lt;PDFObjRef:19&gt;, 'F2': &lt;PDFObjRef:11&gt;}, 'XObject': {'Image1': &lt;PDFObjRef:36&gt;, 'Image2': &lt;PDFObjRef:37&gt;, 'Image3': &lt;PDFObjRef:38&gt;, 'Image4': &lt;PDFObjRef:39&gt;, 'Image5': &lt;PDFObjRef:40&gt;, 'Image6': &lt;PDFObjRef:41&gt;, 'Image7': &lt;PDFObjRef:42&gt;}}, streams=[&lt;PDFObjRef:43&gt;], ctm=(1, 0, 0, 1, -0.0, -0.0)</msg>
<msg timestamp="20220614 11:38:22.018" level="INFO">Processing xobj: &lt;PDFStream(36): raw=43705, {'BitsPerComponent': 8, 'ColorSpace': /'DeviceRGB', 'Filter': /'DCTDecode', 'Height': 548, 'Length': 43704, 'Subtype': /'Image', 'Type': /'XObject', 'Width': 555}&gt;</msg>
<msg timestamp="20220614 11:38:22.020" level="INFO">Processing xobj: &lt;PDFStream(37): raw=49701, {'BitsPerComponent': 8, 'ColorSpace': /'DeviceRGB', 'Filter': /'DCTDecode', 'Height': 560, 'Length': 49700, 'Subtype': /'Image', 'Type': /'XObject', 'Width': 564}&gt;</msg>
<msg timestamp="20220614 11:38:22.023" level="INFO">Processing xobj: &lt;PDFStream(38): raw=104214, {'BitsPerComponent': 8, 'ColorSpace': /'DeviceRGB', 'Filter': /'DCTDecode', 'Height': 559, 'Length': 104213, 'Subtype': /'Image', 'Type': /'XObject', 'Width': 631}&gt;</msg>
<msg timestamp="20220614 11:38:22.024" level="INFO">Processing xobj: &lt;PDFStream(39): raw=811, {'BitsPerComponent': 8, 'ColorSpace': /'DeviceRGB', 'Filter': /'DCTDecode', 'Height': 1, 'Length': 810, 'Subtype': /'Image', 'Type': /'XObject', 'Width': 643}&gt;</msg>
<msg timestamp="20220614 11:38:22.025" level="INFO">Processing xobj: &lt;PDFStream(39): raw=811, {'BitsPerComponent': 8, 'ColorSpace': /'DeviceRGB', 'Filter': /'DCTDecode', 'Height': 1, 'Length': 810, 'Subtype': /'Image', 'Type': /'XObject', 'Width': 643}&gt;</msg>
<msg timestamp="20220614 11:38:22.027" level="INFO">Processing xobj: &lt;PDFStream(40): raw=48661, {'BitsPerComponent': 8, 'ColorSpace': /'DeviceRGB', 'Filter': /'DCTDecode', 'Height': 553, 'Length': 48660, 'Subtype': /'Image', 'Type': /'XObject', 'Width': 558}&gt;</msg>
<msg timestamp="20220614 11:38:22.028" level="INFO">Processing xobj: &lt;PDFStream(41): raw=11911, {'BitsPerComponent': 8, 'ColorSpace': /'DeviceRGB', 'Filter': /'DCTDecode', 'Height': 120, 'Length': 11910, 'Subtype': /'Image', 'Type': /'XObject', 'Width': 563}&gt;</msg>
<msg timestamp="20220614 11:38:22.029" level="INFO">Processing xobj: &lt;PDFStream(42): raw=1155, {'BitsPerComponent': 8, 'ColorSpace': /'DeviceRGB', 'Filter': /'DCTDecode', 'Height': 4, 'Length': 1154, 'Subtype': /'Image', 'Type': /'XObject', 'Width': 560}&gt;</msg>
<msg timestamp="20220614 11:38:22.040" level="INFO">Page: {'Contents': [&lt;PDFObjRef:50&gt;], 'CropBox': [0.0, 0.0, 612.0, 792.0], 'MediaBox': [0.0, 0.0, 612.0, 792.0], 'Parent': &lt;PDFObjRef:2&gt;, 'Resources': &lt;PDFObjRef:51&gt;, 'Rotate': 0, 'Type': /'Page'}</msg>
<msg timestamp="20220614 11:38:22.040" level="INFO">Processing page: &lt;PDFPage: Resources={'Font': {'F1': &lt;PDFObjRef:19&gt;, 'F2': &lt;PDFObjRef:11&gt;}, 'XObject': {'Image1': &lt;PDFObjRef:46&gt;, 'Image2': &lt;PDFObjRef:47&gt;, 'Image3': &lt;PDFObjRef:48&gt;, 'Image4': &lt;PDFObjRef:49&gt;}}, MediaBox=[0.0, 0.0, 612.0, 792.0]&gt;</msg>
<msg timestamp="20220614 11:38:22.040" level="INFO">render_contents: resources={'Font': {'F1': &lt;PDFObjRef:19&gt;, 'F2': &lt;PDFObjRef:11&gt;}, 'XObject': {'Image1': &lt;PDFObjRef:46&gt;, 'Image2': &lt;PDFObjRef:47&gt;, 'Image3': &lt;PDFObjRef:48&gt;, 'Image4': &lt;PDFObjRef:49&gt;}}, streams=[&lt;PDFObjRef:50&gt;], ctm=(1, 0, 0, 1, -0.0, -0.0)</msg>
<msg timestamp="20220614 11:38:22.075" level="INFO">Processing xobj: &lt;PDFStream(46): raw=54648, {'BitsPerComponent': 8, 'ColorSpace': /'DeviceRGB', 'Filter': /'DCTDecode', 'Height': 596, 'Length': 54647, 'Subtype': /'Image', 'Type': /'XObject', 'Width': 596}&gt;</msg>
<msg timestamp="20220614 11:38:22.077" level="INFO">Processing xobj: &lt;PDFStream(47): raw=65354, {'BitsPerComponent': 8, 'ColorSpace': /'DeviceRGB', 'Filter': /'DCTDecode', 'Height': 567, 'Length': 65353, 'Subtype': /'Image', 'Type': /'XObject', 'Width': 565}&gt;</msg>
<msg timestamp="20220614 11:38:22.079" level="INFO">Processing xobj: &lt;PDFStream(48): raw=43602, {'BitsPerComponent': 8, 'ColorSpace': /'DeviceRGB', 'Filter': /'DCTDecode', 'Height': 448, 'Length': 43601, 'Subtype': /'Image', 'Type': /'XObject', 'Width': 563}&gt;</msg>
<msg timestamp="20220614 11:38:22.081" level="INFO">Processing xobj: &lt;PDFStream(49): raw=61459, {'BitsPerComponent': 8, 'ColorSpace': /'DeviceRGB', 'Filter': /'DCTDecode', 'Height': 601, 'Length': 61458, 'Subtype': /'Image', 'Type': /'XObject', 'Width': 598}&gt;</msg>
<msg timestamp="20220614 11:38:22.081" level="INFO">Processing xobj: &lt;PDFStream(46): raw=54648, {'BitsPerComponent': 8, 'ColorSpace': /'DeviceRGB', 'Filter': /'DCTDecode', 'Height': 596, 'Length': 54647, 'Subtype': /'Image', 'Type': /'XObject', 'Width': 596}&gt;</msg>
<msg timestamp="20220614 11:38:22.095" level="INFO">Page: {'Contents': [&lt;PDFObjRef:62&gt;], 'CropBox': [0.0, 0.0, 612.0, 792.0], 'MediaBox': [0.0, 0.0, 612.0, 792.0], 'Parent': &lt;PDFObjRef:2&gt;, 'Resources': &lt;PDFObjRef:63&gt;, 'Rotate': 0, 'Type': /'Page'}</msg>
<msg timestamp="20220614 11:38:22.095" level="INFO">Processing page: &lt;PDFPage: Resources={'Font': {'F1': &lt;PDFObjRef:19&gt;, 'F2': &lt;PDFObjRef:11&gt;}, 'XObject': {'Image1': &lt;PDFObjRef:53&gt;, 'Image2': &lt;PDFObjRef:54&gt;, 'Image3': &lt;PDFObjRef:55&gt;, 'Image4': &lt;PDFObjRef:56&gt;, 'Image5': &lt;PDFObjRef:57&gt;, 'Image6': &lt;PDFObjRef:58&gt;, 'Image7': &lt;PDFObjRef:59&gt;, 'Image8': &lt;PDFObjRef:60&gt;, 'Image9': &lt;PDFObjRef:61&gt;}}, MediaBox=[0.0, 0.0, 612.0, 792.0]&gt;</msg>
<msg timestamp="20220614 11:38:22.095" level="INFO">render_contents: resources={'Font': {'F1': &lt;PDFObjRef:19&gt;, 'F2': &lt;PDFObjRef:11&gt;}, 'XObject': {'Image1': &lt;PDFObjRef:53&gt;, 'Image2': &lt;PDFObjRef:54&gt;, 'Image3': &lt;PDFObjRef:55&gt;, 'Image4': &lt;PDFObjRef:56&gt;, 'Image5': &lt;PDFObjRef:57&gt;, 'Image6': &lt;PDFObjRef:58&gt;, 'Image7': &lt;PDFObjRef:59&gt;, 'Image8': &lt;PDFObjRef:60&gt;, 'Image9': &lt;PDFObjRef:61&gt;}}, streams=[&lt;PDFObjRef:62&gt;], ctm=(1, 0, 0, 1, -0.0, -0.0)</msg>
<msg timestamp="20220614 11:38:22.142" level="INFO">Processing xobj: &lt;PDFStream(53): raw=23082, {'BitsPerComponent': 8, 'ColorSpace': /'DeviceRGB', 'Filter': /'DCTDecode', 'Height': 453, 'Length': 23081, 'Subtype': /'Image', 'Type': /'XObject', 'Width': 455}&gt;</msg>
<msg timestamp="20220614 11:38:22.144" level="INFO">Processing xobj: &lt;PDFStream(54): raw=27742, {'BitsPerComponent': 8, 'ColorSpace': /'DeviceRGB', 'Filter': /'DCTDecode', 'Height': 457, 'Length': 27741, 'Subtype': /'Image', 'Type': /'XObject', 'Width': 458}&gt;</msg>
<msg timestamp="20220614 11:38:22.146" level="INFO">Processing xobj: &lt;PDFStream(55): raw=59892, {'BitsPerComponent': 8, 'ColorSpace': /'DeviceRGB', 'Filter': /'DCTDecode', 'Height': 473, 'Length': 59891, 'Subtype': /'Image', 'Type': /'XObject', 'Width': 529}&gt;</msg>
<msg timestamp="20220614 11:38:22.147" level="INFO">Processing xobj: &lt;PDFStream(56): raw=768, {'BitsPerComponent': 8, 'ColorSpace': /'DeviceRGB', 'Filter': /'DCTDecode', 'Height': 8, 'Length': 767, 'Subtype': /'Image', 'Type': /'XObject', 'Width': 545}&gt;</msg>
<msg timestamp="20220614 11:38:22.148" level="INFO">Processing xobj: &lt;PDFStream(57): raw=768, {'BitsPerComponent': 8, 'ColorSpace': /'DeviceRGB', 'Filter': /'DCTDecode', 'Height': 1, 'Length': 767, 'Subtype': /'Image', 'Type': /'XObject', 'Width': 545}&gt;</msg>
<msg timestamp="20220614 11:38:22.149" level="INFO">Processing xobj: &lt;PDFStream(58): raw=3083, {'BitsPerComponent': 8, 'ColorSpace': /'DeviceRGB', 'Filter': /'DCTDecode', 'Height': 66, 'Length': 3082, 'Subtype': /'Image', 'Type': /'XObject', 'Width': 576}&gt;</msg>
<msg timestamp="20220614 11:38:22.150" level="INFO">Processing xobj: &lt;PDFStream(59): raw=844, {'BitsPerComponent': 8, 'ColorSpace': /'DeviceRGB', 'Filter': /'DCTDecode', 'Height': 4, 'Length': 843, 'Subtype': /'Image', 'Type': /'XObject', 'Width': 589}&gt;</msg>
<msg timestamp="20220614 11:38:22.152" level="INFO">Processing xobj: &lt;PDFStream(60): raw=28203, {'BitsPerComponent': 8, 'ColorSpace': /'DeviceRGB', 'Filter': /'DCTDecode', 'Height': 476, 'Length': 28202, 'Subtype': /'Image', 'Type': /'XObject', 'Width': 483}&gt;</msg>
<msg timestamp="20220614 11:38:22.154" level="INFO">Processing xobj: &lt;PDFStream(61): raw=25717, {'BitsPerComponent': 8, 'ColorSpace': /'DeviceRGB', 'Filter': /'DCTDecode', 'Height': 459, 'Length': 25716, 'Subtype': /'Image', 'Type': /'XObject', 'Width': 460}&gt;</msg>
<msg timestamp="20220614 11:38:22.175" level="INFO">Page: {'Contents': [&lt;PDFObjRef:69&gt;], 'CropBox': [0.0, 0.0, 612.0, 792.0], 'MediaBox': [0.0, 0.0, 612.0, 792.0], 'Parent': &lt;PDFObjRef:2&gt;, 'Resources': &lt;PDFObjRef:70&gt;, 'Rotate': 0, 'Type': /'Page'}</msg>
<msg timestamp="20220614 11:38:22.176" level="INFO">Processing page: &lt;PDFPage: Resources={'Font': {'F1': &lt;PDFObjRef:19&gt;, 'F2': &lt;PDFObjRef:11&gt;}, 'XObject': {'Image1': &lt;PDFObjRef:65&gt;, 'Image2': &lt;PDFObjRef:66&gt;, 'Image3': &lt;PDFObjRef:67&gt;, 'Image4': &lt;PDFObjRef:68&gt;}}, MediaBox=[0.0, 0.0, 612.0, 792.0]&gt;</msg>
<msg timestamp="20220614 11:38:22.177" level="INFO">render_contents: resources={'Font': {'F1': &lt;PDFObjRef:19&gt;, 'F2': &lt;PDFObjRef:11&gt;}, 'XObject': {'Image1': &lt;PDFObjRef:65&gt;, 'Image2': &lt;PDFObjRef:66&gt;, 'Image3': &lt;PDFObjRef:67&gt;, 'Image4': &lt;PDFObjRef:68&gt;}}, streams=[&lt;PDFObjRef:69&gt;], ctm=(1, 0, 0, 1, -0.0, -0.0)</msg>
<msg timestamp="20220614 11:38:22.221" level="INFO">Processing xobj: &lt;PDFStream(65): raw=63878, {'BitsPerComponent': 8, 'ColorSpace': /'DeviceRGB', 'Filter': /'DCTDecode', 'Height': 607, 'Length': 63877, 'Subtype': /'Image', 'Type': /'XObject', 'Width': 608}&gt;</msg>
<msg timestamp="20220614 11:38:22.223" level="INFO">Processing xobj: &lt;PDFStream(66): raw=47868, {'BitsPerComponent': 8, 'ColorSpace': /'DeviceRGB', 'Filter': /'DCTDecode', 'Height': 524, 'Length': 47867, 'Subtype': /'Image', 'Type': /'XObject', 'Width': 576}&gt;</msg>
<msg timestamp="20220614 11:38:22.226" level="INFO">Processing xobj: &lt;PDFStream(67): raw=56932, {'BitsPerComponent': 8, 'ColorSpace': /'DeviceRGB', 'Filter': /'DCTDecode', 'Height': 592, 'Length': 56931, 'Subtype': /'Image', 'Type': /'XObject', 'Width': 593}&gt;</msg>
<msg timestamp="20220614 11:38:22.227" level="INFO">Processing xobj: &lt;PDFStream(68): raw=42294, {'BitsPerComponent': 8, 'ColorSpace': /'DeviceRGB', 'Filter': /'DCTDecode', 'Height': 598, 'Length': 42293, 'Subtype': /'Image', 'Type': /'XObject', 'Width': 589}&gt;</msg>
<msg timestamp="20220614 11:38:22.242" level="INFO">Page: {'Contents': [&lt;PDFObjRef:76&gt;], 'CropBox': [0.0, 0.0, 612.0, 792.0], 'MediaBox': [0.0, 0.0, 612.0, 792.0], 'Parent': &lt;PDFObjRef:2&gt;, 'Resources': &lt;PDFObjRef:77&gt;, 'Rotate': 0, 'Type': /'Page'}</msg>
<msg timestamp="20220614 11:38:22.243" level="INFO">Processing page: &lt;PDFPage: Resources={'Font': {'F1': &lt;PDFObjRef:19&gt;, 'F2': &lt;PDFObjRef:11&gt;}, 'XObject': {'Image1': &lt;PDFObjRef:72&gt;, 'Image2': &lt;PDFObjRef:73&gt;, 'Image3': &lt;PDFObjRef:74&gt;, 'Image4': &lt;PDFObjRef:75&gt;}}, MediaBox=[0.0, 0.0, 612.0, 792.0]&gt;</msg>
<msg timestamp="20220614 11:38:22.243" level="INFO">render_contents: resources={'Font': {'F1': &lt;PDFObjRef:19&gt;, 'F2': &lt;PDFObjRef:11&gt;}, 'XObject': {'Image1': &lt;PDFObjRef:72&gt;, 'Image2': &lt;PDFObjRef:73&gt;, 'Image3': &lt;PDFObjRef:74&gt;, 'Image4': &lt;PDFObjRef:75&gt;}}, streams=[&lt;PDFObjRef:76&gt;], ctm=(1, 0, 0, 1, -0.0, -0.0)</msg>
<msg timestamp="20220614 11:38:22.292" level="INFO">Processing xobj: &lt;PDFStream(72): raw=44033, {'BitsPerComponent': 8, 'ColorSpace': /'DeviceRGB', 'Filter': /'DCTDecode', 'Height': 620, 'Length': 44032, 'Subtype': /'Image', 'Type': /'XObject', 'Width': 622}&gt;</msg>
<msg timestamp="20220614 11:38:22.295" level="INFO">Processing xobj: &lt;PDFStream(73): raw=63914, {'BitsPerComponent': 8, 'ColorSpace': /'DeviceRGB', 'Filter': /'DCTDecode', 'Height': 623, 'Length': 63913, 'Subtype': /'Image', 'Type': /'XObject', 'Width': 625}&gt;</msg>
<msg timestamp="20220614 11:38:22.296" level="INFO">Processing xobj: &lt;PDFStream(74): raw=6177, {'BitsPerComponent': 8, 'ColorSpace': /'DeviceRGB', 'Filter': /'DCTDecode', 'Height': 130, 'Length': 6176, 'Subtype': /'Image', 'Type': /'XObject', 'Width': 625}&gt;</msg>
<msg timestamp="20220614 11:38:22.298" level="INFO">Processing xobj: &lt;PDFStream(75): raw=50682, {'BitsPerComponent': 8, 'ColorSpace': /'DeviceRGB', 'Filter': /'DCTDecode', 'Height': 603, 'Length': 50681, 'Subtype': /'Image', 'Type': /'XObject', 'Width': 606}&gt;</msg>
<msg timestamp="20220614 11:38:22.311" level="INFO">Page: {'Contents': [&lt;PDFObjRef:85&gt;], 'CropBox': [0.0, 0.0, 612.0, 792.0], 'MediaBox': [0.0, 0.0, 612.0, 792.0], 'Parent': &lt;PDFObjRef:2&gt;, 'Resources': &lt;PDFObjRef:86&gt;, 'Rotate': 0, 'Type': /'Page'}</msg>
<msg timestamp="20220614 11:38:22.312" level="INFO">Processing page: &lt;PDFPage: Resources={'Font': {'F1': &lt;PDFObjRef:19&gt;, 'F2': &lt;PDFObjRef:11&gt;}, 'XObject': {'Image1': &lt;PDFObjRef:79&gt;, 'Image2': &lt;PDFObjRef:80&gt;, 'Image3': &lt;PDFObjRef:81&gt;, 'Image4': &lt;PDFObjRef:82&gt;, 'Image5': &lt;PDFObjRef:83&gt;, 'Image6': &lt;PDFObjRef:84&gt;}}, MediaBox=[0.0, 0.0, 612.0, 792.0]&gt;</msg>
<msg timestamp="20220614 11:38:22.312" level="INFO">render_contents: resources={'Font': {'F1': &lt;PDFObjRef:19&gt;, 'F2': &lt;PDFObjRef:11&gt;}, 'XObject': {'Image1': &lt;PDFObjRef:79&gt;, 'Image2': &lt;PDFObjRef:80&gt;, 'Image3': &lt;PDFObjRef:81&gt;, 'Image4': &lt;PDFObjRef:82&gt;, 'Image5': &lt;PDFObjRef:83&gt;, 'Image6': &lt;PDFObjRef:84&gt;}}, streams=[&lt;PDFObjRef:85&gt;], ctm=(1, 0, 0, 1, -0.0, -0.0)</msg>
<msg timestamp="20220614 11:38:22.358" level="INFO">Processing xobj: &lt;PDFStream(79): raw=852, {'BitsPerComponent': 8, 'ColorSpace': /'DeviceRGB', 'Filter': /'DCTDecode', 'Height': 3, 'Length': 851, 'Subtype': /'Image', 'Type': /'XObject', 'Width': 617}&gt;</msg>
<msg timestamp="20220614 11:38:22.360" level="INFO">Processing xobj: &lt;PDFStream(80): raw=34419, {'BitsPerComponent': 8, 'ColorSpace': /'DeviceRGB', 'Filter': /'DCTDecode', 'Height': 502, 'Length': 34418, 'Subtype': /'Image', 'Type': /'XObject', 'Width': 625}&gt;</msg>
<msg timestamp="20220614 11:38:22.363" level="INFO">Processing xobj: &lt;PDFStream(81): raw=44473, {'BitsPerComponent': 8, 'ColorSpace': /'DeviceRGB', 'Filter': /'DCTDecode', 'Height': 629, 'Length': 44472, 'Subtype': /'Image', 'Type': /'XObject', 'Width': 628}&gt;</msg>
<msg timestamp="20220614 11:38:22.365" level="INFO">Processing xobj: &lt;PDFStream(82): raw=48783, {'BitsPerComponent': 8, 'ColorSpace': /'DeviceRGB', 'Filter': /'DCTDecode', 'Height': 623, 'Length': 48782, 'Subtype': /'Image', 'Type': /'XObject', 'Width': 624}&gt;</msg>
<msg timestamp="20220614 11:38:22.367" level="INFO">Processing xobj: &lt;PDFStream(83): raw=48785, {'BitsPerComponent': 8, 'ColorSpace': /'DeviceRGB', 'Filter': /'DCTDecode', 'Height': 623, 'Length': 48784, 'Subtype': /'Image', 'Type': /'XObject', 'Width': 626}&gt;</msg>
<msg timestamp="20220614 11:38:22.368" level="INFO">Processing xobj: &lt;PDFStream(84): raw=6431, {'BitsPerComponent': 8, 'ColorSpace': /'DeviceRGB', 'Filter': /'DCTDecode', 'Height': 135, 'Length': 6430, 'Subtype': /'Image', 'Type': /'XObject', 'Width': 633}&gt;</msg>
<msg timestamp="20220614 11:38:22.386" level="INFO">Page: {'Contents': [&lt;PDFObjRef:92&gt;], 'CropBox': [0.0, 0.0, 612.0, 792.0], 'MediaBox': [0.0, 0.0, 612.0, 792.0], 'Parent': &lt;PDFObjRef:2&gt;, 'Resources': &lt;PDFObjRef:93&gt;, 'Rotate': 0, 'Type': /'Page'}</msg>
<msg timestamp="20220614 11:38:22.387" level="INFO">Processing page: &lt;PDFPage: Resources={'Font': {'F1': &lt;PDFObjRef:19&gt;, 'F2': &lt;PDFObjRef:11&gt;}, 'XObject': {'Image1': &lt;PDFObjRef:88&gt;, 'Image2': &lt;PDFObjRef:89&gt;, 'Image3': &lt;PDFObjRef:90&gt;, 'Image4': &lt;PDFObjRef:91&gt;}}, MediaBox=[0.0, 0.0, 612.0, 792.0]&gt;</msg>
<msg timestamp="20220614 11:38:22.387" level="INFO">render_contents: resources={'Font': {'F1': &lt;PDFObjRef:19&gt;, 'F2': &lt;PDFObjRef:11&gt;}, 'XObject': {'Image1': &lt;PDFObjRef:88&gt;, 'Image2': &lt;PDFObjRef:89&gt;, 'Image3': &lt;PDFObjRef:90&gt;, 'Image4': &lt;PDFObjRef:91&gt;}}, streams=[&lt;PDFObjRef:92&gt;], ctm=(1, 0, 0, 1, -0.0, -0.0)</msg>
<msg timestamp="20220614 11:38:22.436" level="INFO">Processing xobj: &lt;PDFStream(88): raw=40937, {'BitsPerComponent': 8, 'ColorSpace': /'DeviceRGB', 'Filter': /'DCTDecode', 'Height': 508, 'Length': 40936, 'Subtype': /'Image', 'Type': /'XObject', 'Width': 633}&gt;</msg>
<msg timestamp="20220614 11:38:22.439" level="INFO">Processing xobj: &lt;PDFStream(89): raw=59493, {'BitsPerComponent': 8, 'ColorSpace': /'DeviceRGB', 'Filter': /'DCTDecode', 'Height': 588, 'Length': 59492, 'Subtype': /'Image', 'Type': /'XObject', 'Width': 590}&gt;</msg>
<msg timestamp="20220614 11:38:22.441" level="INFO">Processing xobj: &lt;PDFStream(90): raw=55094, {'BitsPerComponent': 8, 'ColorSpace': /'DeviceRGB', 'Filter': /'DCTDecode', 'Height': 522, 'Length': 55093, 'Subtype': /'Image', 'Type': /'XObject', 'Width': 578}&gt;</msg>
<msg timestamp="20220614 11:38:22.444" level="INFO">Processing xobj: &lt;PDFStream(91): raw=62520, {'BitsPerComponent': 8, 'ColorSpace': /'DeviceRGB', 'Filter': /'DCTDecode', 'Height': 636, 'Length': 62519, 'Subtype': /'Image', 'Type': /'XObject', 'Width': 636}&gt;</msg>
<msg timestamp="20220614 11:38:22.461" level="INFO">Page: {'Contents': [&lt;PDFObjRef:99&gt;], 'CropBox': [0.0, 0.0, 612.0, 792.0], 'MediaBox': [0.0, 0.0, 612.0, 792.0], 'Parent': &lt;PDFObjRef:2&gt;, 'Resources': &lt;PDFObjRef:100&gt;, 'Rotate': 0, 'Type': /'Page'}</msg>
<msg timestamp="20220614 11:38:22.462" level="INFO">Processing page: &lt;PDFPage: Resources={'Font': {'F1': &lt;PDFObjRef:19&gt;, 'F2': &lt;PDFObjRef:11&gt;}, 'XObject': {'Image1': &lt;PDFObjRef:95&gt;, 'Image2': &lt;PDFObjRef:96&gt;, 'Image3': &lt;PDFObjRef:97&gt;, 'Image4': &lt;PDFObjRef:98&gt;}}, MediaBox=[0.0, 0.0, 612.0, 792.0]&gt;</msg>
<msg timestamp="20220614 11:38:22.462" level="INFO">render_contents: resources={'Font': {'F1': &lt;PDFObjRef:19&gt;, 'F2': &lt;PDFObjRef:11&gt;}, 'XObject': {'Image1': &lt;PDFObjRef:95&gt;, 'Image2': &lt;PDFObjRef:96&gt;, 'Image3': &lt;PDFObjRef:97&gt;, 'Image4': &lt;PDFObjRef:98&gt;}}, streams=[&lt;PDFObjRef:99&gt;], ctm=(1, 0, 0, 1, -0.0, -0.0)</msg>
<msg timestamp="20220614 11:38:22.504" level="INFO">Processing xobj: &lt;PDFStream(95): raw=56100, {'BitsPerComponent': 8, 'ColorSpace': /'DeviceRGB', 'Filter': /'DCTDecode', 'Height': 605, 'Length': 56099, 'Subtype': /'Image', 'Type': /'XObject', 'Width': 619}&gt;</msg>
<msg timestamp="20220614 11:38:22.506" level="INFO">Processing xobj: &lt;PDFStream(96): raw=44170, {'BitsPerComponent': 8, 'ColorSpace': /'DeviceRGB', 'Filter': /'DCTDecode', 'Height': 461, 'Length': 44169, 'Subtype': /'Image', 'Type': /'XObject', 'Width': 443}&gt;</msg>
<msg timestamp="20220614 11:38:22.508" level="INFO">Processing xobj: &lt;PDFStream(97): raw=33208, {'BitsPerComponent': 8, 'ColorSpace': /'DeviceRGB', 'Filter': /'DCTDecode', 'Height': 393, 'Length': 33207, 'Subtype': /'Image', 'Type': /'XObject', 'Width': 408}&gt;</msg>
<msg timestamp="20220614 11:38:22.509" level="INFO">Processing xobj: &lt;PDFStream(98): raw=3738, {'BitsPerComponent': 8, 'ColorSpace': /'DeviceRGB', 'Filter': /'DCTDecode', 'Height': 58, 'Length': 3737, 'Subtype': /'Image', 'Type': /'XObject', 'Width': 314}&gt;</msg>
<msg timestamp="20220614 11:38:22.527" level="INFO">Page: {'Contents': [&lt;PDFObjRef:106&gt;], 'CropBox': [0.0, 0.0, 612.0, 792.0], 'MediaBox': [0.0, 0.0, 612.0, 792.0], 'Parent': &lt;PDFObjRef:2&gt;, 'Resources': &lt;PDFObjRef:107&gt;, 'Rotate': 0, 'Type': /'Page'}</msg>
<msg timestamp="20220614 11:38:22.527" level="INFO">Processing page: &lt;PDFPage: Resources={'Font': {'F1': &lt;PDFObjRef:19&gt;, 'F2': &lt;PDFObjRef:11&gt;}, 'XObject': {'Image1': &lt;PDFObjRef:102&gt;, 'Image2': &lt;PDFObjRef:103&gt;, 'Image3': &lt;PDFObjRef:104&gt;, 'Image4': &lt;PDFObjRef:105&gt;}}, MediaBox=[0.0, 0.0, 612.0, 792.0]&gt;</msg>
<msg timestamp="20220614 11:38:22.528" level="INFO">render_contents: resources={'Font': {'F1': &lt;PDFObjRef:19&gt;, 'F2': &lt;PDFObjRef:11&gt;}, 'XObject': {'Image1': &lt;PDFObjRef:102&gt;, 'Image2': &lt;PDFObjRef:103&gt;, 'Image3': &lt;PDFObjRef:104&gt;, 'Image4': &lt;PDFObjRef:105&gt;}}, streams=[&lt;PDFObjRef:106&gt;], ctm=(1, 0, 0, 1, -0.0, -0.0)</msg>
<msg timestamp="20220614 11:38:22.568" level="INFO">Processing xobj: &lt;PDFStream(102): raw=21720, {'BitsPerComponent': 8, 'ColorSpace': /'DeviceRGB', 'Filter': /'DCTDecode', 'Height': 285, 'Length': 21719, 'Subtype': /'Image', 'Type': /'XObject', 'Width': 314}&gt;</msg>
<msg timestamp="20220614 11:38:22.570" level="INFO">Processing xobj: &lt;PDFStream(103): raw=23899, {'BitsPerComponent': 8, 'ColorSpace': /'DeviceRGB', 'Filter': /'DCTDecode', 'Height': 338, 'Length': 23898, 'Subtype': /'Image', 'Type': /'XObject', 'Width': 304}&gt;</msg>
<msg timestamp="20220614 11:38:22.571" level="INFO">Processing xobj: &lt;PDFStream(104): raw=25378, {'BitsPerComponent': 8, 'ColorSpace': /'DeviceRGB', 'Filter': /'DCTDecode', 'Height': 384, 'Length': 25377, 'Subtype': /'Image', 'Type': /'XObject', 'Width': 329}&gt;</msg>
<msg timestamp="20220614 11:38:22.572" level="INFO">Processing xobj: &lt;PDFStream(105): raw=15402, {'BitsPerComponent': 8, 'ColorSpace': /'DeviceRGB', 'Filter': /'DCTDecode', 'Height': 208, 'Length': 15401, 'Subtype': /'Image', 'Type': /'XObject', 'Width': 321}&gt;</msg>
<msg timestamp="20220614 11:38:22.585" level="INFO">Page: {'Contents': [&lt;PDFObjRef:113&gt;], 'CropBox': [0.0, 0.0, 612.0, 792.0], 'MediaBox': [0.0, 0.0, 612.0, 792.0], 'Parent': &lt;PDFObjRef:2&gt;, 'Resources': &lt;PDFObjRef:114&gt;, 'Rotate': 0, 'Type': /'Page'}</msg>
<msg timestamp="20220614 11:38:22.586" level="INFO">Processing page: &lt;PDFPage: Resources={'Font': {'F1': &lt;PDFObjRef:19&gt;, 'F2': &lt;PDFObjRef:11&gt;}, 'XObject': {'Image1': &lt;PDFObjRef:109&gt;, 'Image2': &lt;PDFObjRef:110&gt;, 'Image3': &lt;PDFObjRef:111&gt;, 'Image4': &lt;PDFObjRef:112&gt;}}, MediaBox=[0.0, 0.0, 612.0, 792.0]&gt;</msg>
<msg timestamp="20220614 11:38:22.586" level="INFO">render_contents: resources={'Font': {'F1': &lt;PDFObjRef:19&gt;, 'F2': &lt;PDFObjRef:11&gt;}, 'XObject': {'Image1': &lt;PDFObjRef:109&gt;, 'Image2': &lt;PDFObjRef:110&gt;, 'Image3': &lt;PDFObjRef:111&gt;, 'Image4': &lt;PDFObjRef:112&gt;}}, streams=[&lt;PDFObjRef:113&gt;], ctm=(1, 0, 0, 1, -0.0, -0.0)</msg>
<msg timestamp="20220614 11:38:22.624" level="INFO">Processing xobj: &lt;PDFStream(109): raw=71980, {'BitsPerComponent': 8, 'ColorSpace': /'DeviceRGB', 'Filter': /'DCTDecode', 'Height': 667, 'Length': 71979, 'Subtype': /'Image', 'Type': /'XObject', 'Width': 583}&gt;</msg>
<msg timestamp="20220614 11:38:22.626" level="INFO">Processing xobj: &lt;PDFStream(110): raw=13603, {'BitsPerComponent': 8, 'ColorSpace': /'DeviceRGB', 'Filter': /'DCTDecode', 'Height': 173, 'Length': 13602, 'Subtype': /'Image', 'Type': /'XObject', 'Width': 321}&gt;</msg>
<msg timestamp="20220614 11:38:22.627" level="INFO">Processing xobj: &lt;PDFStream(111): raw=26349, {'BitsPerComponent': 8, 'ColorSpace': /'DeviceRGB', 'Filter': /'DCTDecode', 'Height': 361, 'Length': 26348, 'Subtype': /'Image', 'Type': /'XObject', 'Width': 315}&gt;</msg>
<msg timestamp="20220614 11:38:22.628" level="INFO">Processing xobj: &lt;PDFStream(112): raw=26703, {'BitsPerComponent': 8, 'ColorSpace': /'DeviceRGB', 'Filter': /'DCTDecode', 'Height': 372, 'Length': 26702, 'Subtype': /'Image', 'Type': /'XObject', 'Width': 318}&gt;</msg>
<msg timestamp="20220614 11:38:22.640" level="INFO">Page: {'Contents': [&lt;PDFObjRef:120&gt;], 'CropBox': [0.0, 0.0, 612.0, 792.0], 'MediaBox': [0.0, 0.0, 612.0, 792.0], 'Parent': &lt;PDFObjRef:2&gt;, 'Resources': &lt;PDFObjRef:121&gt;, 'Rotate': 0, 'Type': /'Page'}</msg>
<msg timestamp="20220614 11:38:22.640" level="INFO">Processing page: &lt;PDFPage: Resources={'Font': {'F1': &lt;PDFObjRef:19&gt;, 'F2': &lt;PDFObjRef:11&gt;}, 'XObject': {'Image1': &lt;PDFObjRef:116&gt;, 'Image2': &lt;PDFObjRef:117&gt;, 'Image3': &lt;PDFObjRef:118&gt;, 'Image4': &lt;PDFObjRef:119&gt;}}, MediaBox=[0.0, 0.0, 612.0, 792.0]&gt;</msg>
<msg timestamp="20220614 11:38:22.640" level="INFO">render_contents: resources={'Font': {'F1': &lt;PDFObjRef:19&gt;, 'F2': &lt;PDFObjRef:11&gt;}, 'XObject': {'Image1': &lt;PDFObjRef:116&gt;, 'Image2': &lt;PDFObjRef:117&gt;, 'Image3': &lt;PDFObjRef:118&gt;, 'Image4': &lt;PDFObjRef:119&gt;}}, streams=[&lt;PDFObjRef:120&gt;], ctm=(1, 0, 0, 1, -0.0, -0.0)</msg>
<msg timestamp="20220614 11:38:22.695" level="INFO">Processing xobj: &lt;PDFStream(116): raw=73693, {'BitsPerComponent': 8, 'ColorSpace': /'DeviceRGB', 'Filter': /'DCTDecode', 'Height': 658, 'Length': 73692, 'Subtype': /'Image', 'Type': /'XObject', 'Width': 624}&gt;</msg>
<msg timestamp="20220614 11:38:22.698" level="INFO">Processing xobj: &lt;PDFStream(117): raw=85588, {'BitsPerComponent': 8, 'ColorSpace': /'DeviceRGB', 'Filter': /'DCTDecode', 'Height': 765, 'Length': 85587, 'Subtype': /'Image', 'Type': /'XObject', 'Width': 632}&gt;</msg>
<msg timestamp="20220614 11:38:22.702" level="INFO">Processing xobj: &lt;PDFStream(118): raw=95629, {'BitsPerComponent': 8, 'ColorSpace': /'DeviceRGB', 'Filter': /'DCTDecode', 'Height': 805, 'Length': 95628, 'Subtype': /'Image', 'Type': /'XObject', 'Width': 603}&gt;</msg>
<msg timestamp="20220614 11:38:22.704" level="INFO">Processing xobj: &lt;PDFStream(119): raw=40513, {'BitsPerComponent': 8, 'ColorSpace': /'DeviceRGB', 'Filter': /'DCTDecode', 'Height': 322, 'Length': 40512, 'Subtype': /'Image', 'Type': /'XObject', 'Width': 626}&gt;</msg>
<msg timestamp="20220614 11:38:22.726" level="INFO">Page: {'Contents': [&lt;PDFObjRef:127&gt;], 'CropBox': [0.0, 0.0, 612.0, 792.0], 'MediaBox': [0.0, 0.0, 612.0, 792.0], 'Parent': &lt;PDFObjRef:2&gt;, 'Resources': &lt;PDFObjRef:128&gt;, 'Rotate': 0, 'Type': /'Page'}</msg>
<msg timestamp="20220614 11:38:22.730" level="INFO">Processing page: &lt;PDFPage: Resources={'Font': {'F1': &lt;PDFObjRef:19&gt;, 'F2': &lt;PDFObjRef:11&gt;}, 'XObject': {'Image1': &lt;PDFObjRef:123&gt;, 'Image2': &lt;PDFObjRef:124&gt;, 'Image3': &lt;PDFObjRef:125&gt;, 'Image4': &lt;PDFObjRef:126&gt;}}, MediaBox=[0.0, 0.0, 612.0, 792.0]&gt;</msg>
<msg timestamp="20220614 11:38:22.731" level="INFO">render_contents: resources={'Font': {'F1': &lt;PDFObjRef:19&gt;, 'F2': &lt;PDFObjRef:11&gt;}, 'XObject': {'Image1': &lt;PDFObjRef:123&gt;, 'Image2': &lt;PDFObjRef:124&gt;, 'Image3': &lt;PDFObjRef:125&gt;, 'Image4': &lt;PDFObjRef:126&gt;}}, streams=[&lt;PDFObjRef:127&gt;], ctm=(1, 0, 0, 1, -0.0, -0.0)</msg>
<msg timestamp="20220614 11:38:22.785" level="INFO">Processing xobj: &lt;PDFStream(123): raw=58413, {'BitsPerComponent': 8, 'ColorSpace': /'DeviceRGB', 'Filter': /'DCTDecode', 'Height': 521, 'Length': 58412, 'Subtype': /'Image', 'Type': /'XObject', 'Width': 626}&gt;</msg>
<msg timestamp="20220614 11:38:22.790" level="INFO">Processing xobj: &lt;PDFStream(124): raw=88825, {'BitsPerComponent': 8, 'ColorSpace': /'DeviceRGB', 'Filter': /'DCTDecode', 'Height': 808, 'Length': 88824, 'Subtype': /'Image', 'Type': /'XObject', 'Width': 609}&gt;</msg>
<msg timestamp="20220614 11:38:22.796" level="INFO">Processing xobj: &lt;PDFStream(125): raw=88815, {'BitsPerComponent': 8, 'ColorSpace': /'DeviceRGB', 'Filter': /'DCTDecode', 'Height': 637, 'Length': 88814, 'Subtype': /'Image', 'Type': /'XObject', 'Width': 630}&gt;</msg>
<msg timestamp="20220614 11:38:22.799" level="INFO">Processing xobj: &lt;PDFStream(126): raw=25890, {'BitsPerComponent': 8, 'ColorSpace': /'DeviceRGB', 'Filter': /'DCTDecode', 'Height': 380, 'Length': 25889, 'Subtype': /'Image', 'Type': /'XObject', 'Width': 311}&gt;</msg>
<msg timestamp="20220614 11:38:22.820" level="INFO">Page: {'Contents': [&lt;PDFObjRef:131&gt;], 'CropBox': [0.0, 0.0, 612.0, 792.0], 'MediaBox': [0.0, 0.0, 612.0, 792.0], 'Parent': &lt;PDFObjRef:2&gt;, 'Resources': &lt;PDFObjRef:132&gt;, 'Rotate': 0, 'Type': /'Page'}</msg>
<msg timestamp="20220614 11:38:22.820" level="INFO">Processing page: &lt;PDFPage: Resources={'Font': {'F1': &lt;PDFObjRef:19&gt;}, 'XObject': {'Image1': &lt;PDFObjRef:130&gt;}}, MediaBox=[0.0, 0.0, 612.0, 792.0]&gt;</msg>
<msg timestamp="20220614 11:38:22.821" level="INFO">render_contents: resources={'Font': {'F1': &lt;PDFObjRef:19&gt;}, 'XObject': {'Image1': &lt;PDFObjRef:130&gt;}}, streams=[&lt;PDFObjRef:131&gt;], ctm=(1, 0, 0, 1, -0.0, -0.0)</msg>
<msg timestamp="20220614 11:38:22.833" level="INFO">Processing xobj: &lt;PDFStream(130): raw=22622, {'BitsPerComponent': 8, 'ColorSpace': /'DeviceRGB', 'Filter': /'DCTDecode', 'Height': 110, 'Length': 22621, 'Subtype': /'Image', 'Type': /'XObject', 'Width': 630}&gt;</msg>
<msg timestamp="20220614 11:38:22.834" level="INFO">${detail_1} = BẢNG GIÁ GIỎ QUÀ TẶNG CHO 
KHÁCH HÀNG, CÔNG TY &amp; 
DOANH NGHIỆP

Handmade nhà Mee hân hạnh mang đến những sự lựa chọn hoàn hảo 
và ưa chuộng nhất hiện nay cho Quý khách hàng.
Nhận lên Set theo yêu cầu,...</msg>
<status status="PASS" starttime="20220614 11:38:21.681" endtime="20220614 11:38:22.834"/>
</kw>
<kw name="Log To Console" library="BuiltIn">
<arg>${detail_1}</arg>
<doc>Logs the given message to the console.</doc>
<status status="PASS" starttime="20220614 11:38:22.835" endtime="20220614 11:38:23.041"/>
</kw>
<kw name="Get Regexp Matches" library="String">
<var>${ID_1}</var>
<arg>${detail_1}</arg>
<arg>Rượu Blue Valley</arg>
<doc>Returns a list of all non-overlapping matches in the given string.</doc>
<msg timestamp="20220614 11:38:23.044" level="INFO">${ID_1} = ['Rượu Blue Valley', 'Rượu Blue Valley', 'Rượu Blue Valley', 'Rượu Blue Valley', 'Rượu Blue Valley', 'Rượu Blue Valley', 'Rượu Blue Valley', 'Rượu Blue Valley', 'Rượu Blue Valley', 'Rượu Blue Valley',...</msg>
<status status="PASS" starttime="20220614 11:38:23.043" endtime="20220614 11:38:23.045"/>
</kw>
<kw name="Get Regexp Matches" library="String">
<var>${ID_2}</var>
<arg>${detail_1}</arg>
<arg>Bánh quy kem Assorted</arg>
<doc>Returns a list of all non-overlapping matches in the given string.</doc>
<msg timestamp="20220614 11:38:23.046" level="INFO">${ID_2} = ['Bánh quy kem Assorted', 'Bánh quy kem Assorted', 'Bánh quy kem Assorted', 'Bánh quy kem Assorted', 'Bánh quy kem Assorted']</msg>
<status status="PASS" starttime="20220614 11:38:23.045" endtime="20220614 11:38:23.046"/>
</kw>
<kw name="Log To Console" library="BuiltIn">
<arg>ID1: ${ID_1}</arg>
<doc>Logs the given message to the console.</doc>
<status status="PASS" starttime="20220614 11:38:23.047" endtime="20220614 11:38:23.048"/>
</kw>
<kw name="Log To Console" library="BuiltIn">
<arg>ID2: ${ID_2}</arg>
<doc>Logs the given message to the console.</doc>
<status status="PASS" starttime="20220614 11:38:23.049" endtime="20220614 11:38:23.049"/>
</kw>
<doc>User can download attachment file successfully and verify them</doc>
<tag>1.0</tag>
<tag>1.0.10</tag>
<status status="PASS" starttime="20220614 11:37:58.033" endtime="20220614 11:38:23.050"/>
</test>
<doc>Email Function</doc>
<status status="PASS" starttime="20220614 11:37:57.269" endtime="20220614 11:38:23.052"/>
</suite>
<statistics>
<total>
<stat pass="1" fail="0" skip="0">All Tests</stat>
</total>
<tag>
<stat pass="1" fail="0" skip="0">1.0</stat>
<stat pass="1" fail="0" skip="0">1.0.10</stat>
</tag>
<suite>
<stat pass="1" fail="0" skip="0" id="s1" name="Email">Email</stat>
</suite>
</statistics>
<errors>
</errors>
</robot>
