<?xml version="1.0" encoding="UTF-8"?>
<robot generator="Robot 5.0 (Python 3.10.2 on win32)" generated="20220616 14:52:01.139" rpa="false" schemaversion="3">
<suite id="s1" name="CSV" source="C:\Python\robotframework_tpp\TestSuite\CSV\CSV.robot">
<test id="s1-t1" name="Read_CSV_as_Dictionary" line="18">
<kw name="Read Csv As Dictionary" library="CSVLib">
<var>${dict}</var>
<arg>test_dict.csv</arg>
<arg>Mobile</arg>
<arg>Computer</arg>
<msg timestamp="20220616 14:52:01.192" level="INFO">${dict} = {'Iphone': 'Thinking_pad', 'Vivo': 'Asus', 'Nokia': 'Acer'}</msg>
<status status="PASS" starttime="20220616 14:52:01.191" endtime="20220616 14:52:01.192"/>
</kw>
<kw name="Log To Console" library="BuiltIn">
<arg>dict: ${dict}</arg>
<doc>Logs the given message to the console.</doc>
<status status="PASS" starttime="20220616 14:52:01.199" endtime="20220616 14:52:01.202"/>
</kw>
<doc>CSV Feature</doc>
<tag>1.0</tag>
<tag>1.0.3</tag>
<status status="PASS" starttime="20220616 14:52:01.190" endtime="20220616 14:52:01.202"/>
</test>
<status status="PASS" starttime="20220616 14:52:01.141" endtime="20220616 14:52:01.204"/>
</suite>
<statistics>
<total>
<stat pass="1" fail="0" skip="0">All Tests</stat>
</total>
<tag>
<stat pass="1" fail="0" skip="0">1.0</stat>
<stat pass="1" fail="0" skip="0">1.0.3</stat>
</tag>
<suite>
<stat pass="1" fail="0" skip="0" id="s1" name="CSV">CSV</stat>
</suite>
</statistics>
<errors>
</errors>
</robot>
